<?xml version="1.0" encoding="UTF-8"?>
<!-- Generated by org.testng.reporters.JUnitReportReporter -->
<testsuite skipped="0" hostname="DESKTOP-VUCTFFN" name="tests.RunTestAssignment" tests="1" failures="0" timestamp="01 May 2021 11:22:23 GMT" time="38.166" errors="0">
  <testcase name="runTest" time="38.166" classname="tests.RunTestAssignment"/>
</testsuite> <!-- tests.RunTestAssignment -->
